an_concierto vivaldi => OK
an_concierto beethoven => OK
an_concierto vivaldi => CONCIERTO_YA_EXISTE
num_conciertos => 2
borra_concierto beethoven => OK
num_conciertos => 1
an_cliente jose vivaldi => OK
borra_concierto vivaldi => CONCIERTO_CON_ESPERAS
borra_concierto beethoven => CONCIERTO_NO_EXISTE
an_cliente juan vivaldi => OK
an_cliente petra vivaldi => OK
venta vivaldi => OK
pon_en_espera jose vivaldi => OK
pon_en_espera juan vivaldi => ESPERA_NO_ADMITIDA
pon_en_espera elena vivaldi => ESPERA_NO_ADMITIDA
venta vivaldi => OK
pon_en_espera juan wagner => ESPERA_NO_ADMITIDA
pon_en_espera juan vivaldi => OK
pon_en_espera elena wagner => ESPERA_NO_ADMITIDA
borra_cliente petra => OK
clientes => jose juan 
num_clientes => 2
proximo_cliente vivaldi => jose
venta vivaldi => OK
clientes => jose juan 
num_clientes => 2
proximo_cliente vivaldi => juan
venta vivaldi => OK
clientes => jose juan 
num_clientes => 2
venta vivaldi => CONCIERTO_SIN_ESPERAS
proximo_cliente vivaldi => CONCIERTO_SIN_ESPERAS
venta beethoven => CONCIERTO_INEXISTENTE
proximo_cliente beethoven => CONCIERTO_INEXISTENTE
pon_en_espera jose vivaldi => OK
pon_en_espera juan vivaldi => OK
an_cliente petra vivaldi => OK
abandona juan => OK
clientes => jose juan petra 
num_clientes => 3
proximo_cliente vivaldi => jose
venta vivaldi => OK
hay_clientes_en_espera vivaldi => SI
clientes => jose juan petra 
num_clientes => 3
proximo_cliente vivaldi => petra
venta vivaldi => OK
hay_clientes_en_espera vivaldi => NO
clientes => jose juan petra 
num_clientes => 3
hay_clientes_en_espera wagner => CONCIERTO_INEXISTENTE
abandona elena => CLIENTE_NO_EXISTE
borra_cliente elena => CLIENTE_NO_EXISTE
clientes => jose juan petra 
num_clientes => 3
